<?xml version="1.0" encoding="UTF-8"?>
<!-- Generated by org.testng.reporters.JUnitXMLReporter -->
<testsuite hostname="DESKTOP-L9LHJVH" ignored="0" name="Command line test" tests="12" failures="5" timestamp="02 Jun 2022 07:23:13 GMT" time="0.289" errors="0">
  <testcase name="HomeTest" time="0.064" classname="HPE.B2BRESTAPI.RegressionTest"/>
  <testcase name="copyquoteTest" time="0.003" classname="HPE.B2BRESTAPI.RegressionTest">
    <failure type="java.lang.AssertionError" message="expected [true] but found [false]">
      <![CDATA[java.lang.AssertionError: expected [true] but found [false]
at HPE.B2BRESTAPI.RegressionTest.copyquoteTest(RegressionTest.java:52)
... Removed 39 stack frames]]>
    </failure>
  </testcase> <!-- copyquoteTest -->
  <testcase name="loginTest" time="0.0" classname="HPE.B2BRESTAPI.RegressionTest"/>
  <testcase name="myAccountTest" time="0.0" classname="HPE.B2BRESTAPI.RegressionTest"/>
  <testcase name="purchaseOrderTest" time="0.0" classname="HPE.B2BRESTAPI.RegressionTest"/>
  <testcase name="purchaseRequestTest" time="0.0" classname="HPE.B2BRESTAPI.RegressionTest">
    <failure type="java.lang.AssertionError" message="expected [true] but found [false]">
      <![CDATA[java.lang.AssertionError: expected [true] but found [false]
at HPE.B2BRESTAPI.RegressionTest.purchaseRequestTest(RegressionTest.java:34)
... Removed 39 stack frames]]>
    </failure>
  </testcase> <!-- purchaseRequestTest -->
  <testcase name="purchaseTest" time="0.001" classname="HPE.B2BRESTAPI.RegressionTest">
    <failure type="java.lang.AssertionError" message="expected [true] but found [false]">
      <![CDATA[java.lang.AssertionError: expected [true] but found [false]
at HPE.B2BRESTAPI.RegressionTest.purchaseTest(RegressionTest.java:40)
... Removed 39 stack frames]]>
    </failure>
  </testcase> <!-- purchaseTest -->
  <testcase name="quoteTest" time="0.001" classname="HPE.B2BRESTAPI.RegressionTest">
    <failure type="java.lang.AssertionError" message="expected [true] but found [false]">
      <![CDATA[java.lang.AssertionError: expected [true] but found [false]
at HPE.B2BRESTAPI.RegressionTest.quoteTest(RegressionTest.java:46)
... Removed 39 stack frames]]>
    </failure>
  </testcase> <!-- quoteTest -->
  <testcase name="HomeTest" time="0.0" classname="HPE.B2BRESTAPI.SmokeTest"/>
  <testcase name="loginTest" time="0.001" classname="HPE.B2BRESTAPI.SmokeTest"/>
  <testcase name="myAccountTest" time="0.001" classname="HPE.B2BRESTAPI.SmokeTest"/>
  <testcase name="purchaseOrderTest" time="0.001" classname="HPE.B2BRESTAPI.SmokeTest">
    <failure type="java.lang.AssertionError" message="expected [true] but found [false]">
      <![CDATA[java.lang.AssertionError: expected [true] but found [false]
at HPE.B2BRESTAPI.SmokeTest.purchaseOrderTest(SmokeTest.java:27)
... Removed 39 stack frames]]>
    </failure>
  </testcase> <!-- purchaseOrderTest -->
</testsuite> <!-- Command line test -->
