<?xml version="1.0" encoding="UTF-8"?>
<testng-results skipped="0" failed="0" ignored="0" total="1" passed="1">
  <reporter-output>
  </reporter-output>
  <suite name="Default suite" duration-ms="6089" started-at="2022-06-02T11:33:58Z" finished-at="2022-06-02T11:34:04Z">
    <groups>
    </groups>
    <test name="Default test" duration-ms="6089" started-at="2022-06-02T11:33:58Z" finished-at="2022-06-02T11:34:04Z">
      <class name="HPE.B2BRESTAPI.ExtentReportTest">
        <test-method status="PASS" signature="init()[pri:0, instance:HPE.B2BRESTAPI.ExtentReportTest@2f66f0d0]" name="init" is-config="true" duration-ms="1952" started-at="2022-06-02T11:33:58Z" finished-at="2022-06-02T11:34:00Z">
          <reporter-output>
          </reporter-output>
        </test-method> <!-- init -->
        <test-method status="PASS" signature="ExtentTest()[pri:0, instance:HPE.B2BRESTAPI.ExtentReportTest@2f66f0d0]" name="ExtentTest" duration-ms="3725" started-at="2022-06-02T11:34:00Z" finished-at="2022-06-02T11:34:04Z">
          <reporter-output>
          </reporter-output>
        </test-method> <!-- ExtentTest -->
      </class> <!-- HPE.B2BRESTAPI.ExtentReportTest -->
    </test> <!-- Default test -->
  </suite> <!-- Default suite -->
</testng-results>
